1574318902638	mozrunner::runner	INFO	Running command: "C:\\Program Files (x86)\\Mozilla Firefox\\firefox.exe" "-marionette" "-foreground" "-no-remote" "-profile" "C:\\Users\\hrbacm\\AppData\\Local\\Temp\\rust_mozprofile014uw8"
1574318903410	addons.webextension.screenshots@mozilla.org	WARN	Loading extension 'screenshots@mozilla.org': Reading manifest: Invalid extension permission: mozillaAddons
1574318903410	addons.webextension.screenshots@mozilla.org	WARN	Loading extension 'screenshots@mozilla.org': Reading manifest: Invalid extension permission: telemetry
1574318903410	addons.webextension.screenshots@mozilla.org	WARN	Loading extension 'screenshots@mozilla.org': Reading manifest: Invalid extension permission: resource://pdf.js/
1574318903411	addons.webextension.screenshots@mozilla.org	WARN	Loading extension 'screenshots@mozilla.org': Reading manifest: Invalid extension permission: about:reader*
JavaScript error: resource:///modules/sessionstore/SessionStore.jsm, line 1325: uncaught exception: 2147746065
1574318906407	Marionette	INFO	Listening on port 55553
1574318906489	Marionette	WARN	TLS certificate errors will be ignored for this session
[Child 567636, Chrome_ChildThread] WARNING: pipe error: 109: file z:/task_1571237120/build/src/ipc/chromium/src/chrome/common/ipc_channel_win.cc, line 341
[Child 567[Parent 570784, Gecko_IOThread] WARNING: pipe error: 109: file z:/task_1571237120/build/src/ipc/chromium/src/chrome/common/ipc_channel_win.cc, line 341
[Parent 570784, Gecko_IOThread] WARNING: pipe error: 109: file z:/task_1571237120/build/src/ipc/chromium/src/chrome/common/ipc_channel_win.cc, line 341
[Child 569624, Chrome_ChildThread] WARNING: pipe error: 109: file z:/task_1571237120/build/src/ipc/chromium/src/chrome/common/ipc_channel_win.cc, line 341
[Child 569624,1574320353338	Marionette	INFO	Stopped listening on port 55553
[GPU 
###!!! [Child][RunMessage] Error: Channel closing: too late to send/recv, messages will be lost

573040, Chrome_ChildThread
###!!! [Child][MessageChannel::SendAndWait] Error: Channel error: cannot send/recv

1574320538693	mozrunner::runner	INFO	Running command: "C:\\Program Files (x86)\\Mozilla Firefox\\firefox.exe" "-marionette" "-foreground" "-no-remote" "-profile" "C:\\Users\\hrbacm\\AppData\\Local\\Temp\\rust_mozprofilemeRaBd"
1574320539486	addons.webextension.screenshots@mozilla.org	WARN	Loading extension 'screenshots@mozilla.org': Reading manifest: Invalid extension permission: mozillaAddons
1574320539487	addons.webextension.screenshots@mozilla.org	WARN	Loading extension 'screenshots@mozilla.org': Reading manifest: Invalid extension permission: telemetry
1574320539487	addons.webextension.screenshots@mozilla.org	WARN	Loading extension 'screenshots@mozilla.org': Reading manifest: Invalid extension permission: resource://pdf.js/
1574320539487	addons.webextension.screenshots@mozilla.org	WARN	Loading extension 'screenshots@mozilla.org': Reading manifest: Invalid extension permission: about:reader*
JavaScript error: resource:///modules/sessionstore/SessionStore.jsm, line 1325: uncaught exception: 2147746065
1574320542395	Marionette	INFO	Listening on port 55960
1574320542540	Marionette	WARN	TLS certificate errors will be ignored for this session
IPDL protocol error: Handler returned error code!

###!!! [Parent][DispatchAsyncMessage] Error: PImageBridge::Msg_Update Processing error: message was deserialized, but the handler returned false (indicating failure)

IPDL protocol error: Handler returned error code!

###!!! [Parent][DispatchAsyncMessage] Error: PImageBridge::Msg_Update Processing error: message was deserialized, but the handler returned false (indicating failure)

[Child 575256, Chrome_ChildThread] WARNING: pipe error: 109: file z:/task_1571237120/build/src/ipc/chromium/src/chrome/common/ipc_channel_win.cc, line 341
[Child 575256, Chrome_ChildThreIPDL protocol error: Handler returned error code!

###!!! [Parent][DispatchAsyncMessage] Error: PImageBridge::Msg_Update Processing error: message was deserialized, but the handler returned false (indicating failure)

IPDL protocol error: Handler returned error code!

###!!! [Parent][DispatchAsyncMessage] Error: PImageBridge::Msg_Update Processing error: message was deserialized, but the handler returned false (indicating failure)

IPDL protocol error: Handler returned error code!

###!!! [Parent][DispatchAsyncMessage] Error: PImageBridge::Msg_Update Processing error: message was deserialized, but the handler returned false (indicating failure)

IPDL protocol error: Handler returned error code!

###!!! [Parent][DispatchAsyncMessage] Error: PImageBridge::Msg_Update Processing error: message was deserialized, but the handler returned false (indicating failure)

IPDL protocol error: Handler returned error code!

###!!! [Parent][DispatchAsyncMessage] Error: PImageBridge::Msg_Update Processing error: message was deserialized, but the handler returned false (indicating failure)

IPDL protocol error: Handler returned error code!

###!!! [Parent][DispatchAsyncMessage] Error: PImageBridge::Msg_Update Processing error: message was deserialized, but the handler returned false (indicating failure)

IPDL protocol error: Handler returned error code!

###!!! [Parent][DispatchAsyncMessage] Error: PImageBridge::Msg_Update Processing error: message was deserialized, but the handler returned false (indicating failure)

IPDL protocol error: Handler returned error code!

###!!! [Parent][DispatchAsyncMessage] Error: PImageBridge::Msg_Update Processing error: message was deserialized, but the handler returned false (indicating failure)

IPDL protocol error: Handler returned error code!

###!!! [Parent][DispatchAsyncMessage] Error: PImageBridge::Msg_Update Processing error: message was deserialized, but the handler returned false (indicating failure)

IPDL protocol error: Handler returned error code!

###!!! [Parent][DispatchAsyncMessage] Error: PImageBridge::Msg_Update Processing error: message was deserialized, but the handler returned false (indicating failure)

IPDL protocol error: Handler returned error code!

###!!! [Parent][DispatchAsyncMessage] Error: PImageBridge::Msg_Update Processing error: message was deserialized, but the handler returned false (indicating failure)

IPDL protocol error: Handler returned error code!

###!!! [Parent][DispatchAsyncMessage] Error: PImageBridge::Msg_Update Processing error: message was deserialized, but the handler returned false (indicating failure)

IPDL protocol error: Handler returned error code!

###!!! [Parent][DispatchAsyncMessage] Error: PImageBridge::Msg_Update Processing error: message was deserialized, but the handler returned false (indicating failure)

IPDL protocol error: Handler returned error code!

###!!! [Parent][DispatchAsyncMessage] Error: PImageBridge::Msg_Update Processing error: message was deserialized, but the handler returned false (indicating failure)

IPDL protocol error: Handler returned error code!

###!!! [Parent][DispatchAsyncMessage] Error: PImageBridge::Msg_Update Processing error: message was deserialized, but the handler returned false (indicating failure)

IPDL protocol error: Handler returned error code!

###!!! [Parent][DispatchAsyncMessage] Error: PImageBridge::Msg_Update Processing error: message was deserialized, but the handler returned false (indicating failure)

IPDL protocol error: Handler returned error code!

###!!! [Parent][DispatchAsyncMessage] Error: PImageBridge::Msg_Update Processing error: message was deserialized, but the handler returned false (indicating failure)

IPDL protocol error: Handler returned error code!

###!!! [Parent][DispatchAsyncMessage] Error: PImageBridge::Msg_Update Processing error: message was deserialized, but the handler returned false (indicating failure)

IPDL protocol error: Handler returned error code!

###!!! [Parent][DispatchAsyncMessage] Error: PImageBridge::Msg_Update Processing error: message was deserialized, but the handler returned false (indicating failure)

IPDL protocol error: Handler returned error code!

###!!! [Parent][DispatchAsyncMessage] Error: PImageBridge::Msg_Update Processing error: message was deserialized, but the handler returned false (indicating failure)

IPDL protocol error: Handler returned error code!

###!!! [Parent][DispatchAsyncMessage] Error: PImageBridge::Msg_Update Processing error: message was deserialized, but the handler returned false (indicating failure)

IPDL protocol error: Handler returned error code!

###!!! [Parent][DispatchAsyncMessage] Error: PImageBridge::Msg_Update Processing error: message was deserialized, but the handler returned false (indicating failure)

IPDL protocol error: Handler returned error code!

###!!! [Parent][DispatchAsyncMessage] Error: PImageBridge::Msg_Update Processing error: message was deserialized, but the handler returned false (indicating failure)

IPDL protocol error: Handler returned error code!

###!!! [Parent][DispatchAsyncMessage] Error: PImageBridge::Msg_Update Processing error: message was deserialized, but the handler returned false (indicating failure)

IPDL protocol error: Handler returned error code!

###!!! [Parent][DispatchAsyncMessage] Error: PImageBridge::Msg_Update Processing error: message was deserialized, but the handler returned false (indicating failure)

IPDL protocol error: Handler returned error code!

###!!! [Parent][DispatchAsyncMessage] Error: PImageBridge::Msg_Update Processing error: message was deserialized, but the handler returned false (indicating failure)

IPDL protocol error: Handler returned error code!

###!!! [Parent][DispatchAsyncMessage] Error: PImageBridge::Msg_Update Processing error: message was deserialized, but the handler returned false (indicating failure)

IPDL protocol error: Handler returned error code!

###!!! [Parent][DispatchAsyncMessage] Error: PImageBridge::Msg_Update Processing error: message was deserialized, but the handler returned false (indicating failure)

IPDL protocol error: Handler returned error code!

###!!! [Parent][DispatchAsyncMessage] Error: PImageBridge::Msg_Update Processing error: message was deserialized, but the handler returned false (indicating failure)

IPDL protocol error: Handler returned error code!

###!!! [Parent][DispatchAsyncMessage] Error: PImageBridge::Msg_Update Processing error: message was deserialized, but the handler returned false (indicating failure)

IPDL protocol error: Handler returned error code!

###!!! [Parent][DispatchAsyncMessage] Error: PImageBridge::Msg_Update Processing error: message was deserialized, but the handler returned false (indicating failure)

IPDL protocol error: Handler returned error code!

###!!! [Parent][DispatchAsyncMessage] Error: PImageBridge::Msg_Update Processing error: message was deserialized, but the handler returned false (indicating failure)

IPDL protocol error: Handler returned error code!

###!!! [Parent][DispatchAsyncMessage] Error: PImageBridge::Msg_Update Processing error: message was deserialized, but the handler returned false (indicating failure)

IPDL protocol error: Handler returned error code!

###!!! [Parent][DispatchAsyncMessage] Error: PImageBridge::Msg_Update Processing error: message was deserialized, but the handler returned false (indicating failure)

IPDL protocol error: Handler returned error code!

###!!! [Parent][DispatchAsyncMessage] Error: PImageBridge::Msg_Update Processing error: message was deserialized, but the handler returned false (indicating failure)

IPDL protocol error: Handler returned error code!

###!!! [Parent][DispatchAsyncMessage] Error: PImageBridge::Msg_Update Processing error: message was deserialized, but the handler returned false (indicating failure)

IPDL protocol error: Handler returned error code!

###!!! [Parent][DispatchAsyncMessage] Error: PImageBridge::Msg_Update Processing error: message was deserialized, but the handler returned false (indicating failure)

IPDL protocol error: Handler returned error code!

###!!! [Parent][DispatchAsyncMessage] Error: PImageBridge::Msg_Update Processing error: message was deserialized, but the handler returned false (indicating failure)

IPDL protocol error: Handler returned error code!

###!!! [Parent][DispatchAsyncMessage] Error: PImageBridge::Msg_Update Processing error: message was deserialized, but the handler returned false (indicating failure)

IPDL protocol error: Handler returned error code!

###!!! [Parent][DispatchAsyncMessage] Error: PImageBridge::Msg_Update Processing error: message was deserialized, but the handler returned false (indicating failure)

IPDL protocol error: Handler returned error code!

###!!! [Parent][DispatchAsyncMessage] Error: PImageBridge::Msg_Update Processing error: message was deserialized, but the handler returned false (indicating failure)

IPDL protocol error: Handler returned error code!

###!!! [Parent][DispatchAsyncMessage] Error: PImageBridge::Msg_Update Processing error: message was deserialized, but the handler returned false (indicating failure)

IPDL protocol error: Handler returned error code!

###!!! [Parent][DispatchAsyncMessage] Error: PImageBridge::Msg_Update Processing error: message was deserialized, but the handler returned false (indicating failure)

IPDL protocol error: Handler returned error code!

###!!! [Parent][DispatchAsyncMessage] Error: PImageBridge::Msg_Update Processing error: message was deserialized, but the handler returned false (indicating failure)

IPDL protocol error: Handler returned error code!

###!!! [Parent][DispatchAsyncMessage] Error: PImageBridge::Msg_Update Processing error: message was deserialized, but the handler returned false (indicating failure)

IPDL protocol error: Handler returned error code!

###!!! [Parent][DispatchAsyncMessage] Error: PImageBridge::Msg_Update Processing error: message was deserialized, but the handler returned false (indicating failure)

IPDL protocol error: Handler returned error code!

###!!! [Parent][DispatchAsyncMessage] Error: PImageBridge::Msg_Update Processing error: message was deserialized, but the handler returned false (indicating failure)

IPDL protocol error: Handler returned error code!

###!!! [Parent][DispatchAsyncMessage] Error: PImageBridge::Msg_Update Processing error: message was deserialized, but the handler returned false (indicating failure)

IPDL protocol error: Handler returned error code!

###!!! [Parent][DispatchAsyncMessage] Error: PImageBridge::Msg_Update Processing error: message was deserialized, but the handler returned false (indicating failure)

IPDL protocol error: Handler returned error code!

###!!! [Parent][DispatchAsyncMessage] Error: PImageBridge::Msg_Update Processing error: message was deserialized, but the handler returned false (indicating failure)

IPDL protocol error: Handler returned error code!

###!!! [Parent][DispatchAsyncMessage] Error: PImageBridge::Msg_Update Processing error: message was deserialized, but the handler returned false (indicating failure)

IPDL protocol error: Handler returned error code!

###!!! [Parent][DispatchAsyncMessage] Error: PImageBridge::Msg_Update Processing error: message was deserialized, but the handler returned false (indicating failure)

IPDL protocol error: Handler returned error code!

###!!! [Parent][DispatchAsyncMessage] Error: PImageBridge::Msg_Update Processing error: message was deserialized, but the handler returned false (indicating failure)

IPDL protocol error: Handler returned error code!

###!!! [Parent][DispatchAsyncMessage] Error: PImageBridge::Msg_Update Processing error: message was deserialized, but the handler returned false (indicating failure)

IPDL protocol error: Handler returned error code!

###!!! [Parent][DispatchAsyncMessage] Error: PImageBridge::Msg_Update Processing error: message was deserialized, but the handler returned false (indicating failure)

IPDL protocol error: Handler returned error code!

###!!! [Parent][DispatchAsyncMessage] Error: PImageBridge::Msg_Update Processing error: message was deserialized, but the handler returned false (indicating failure)

IPDL protocol error: Handler returned error code!

###!!! [Parent][DispatchAsyncMessage] Error: PImageBridge::Msg_Update Processing error: message was deserialized, but the handler returned false (indicating failure)

IPDL protocol error: Handler returned error code!

###!!! [Parent][DispatchAsyncMessage] Error: PImageBridge::Msg_Update Processing error: message was deserialized, but the handler returned false (indicating failure)

IPDL protocol error: Handler returned error code!

###!!! [Parent][DispatchAsyncMessage] Error: PImageBridge::Msg_Update Processing error: message was deserialized, but the handler returned false (indicating failure)

IPDL protocol error: Handler returned error code!

###!!! [Parent][DispatchAsyncMessage] Error: PImageBridge::Msg_Update Processing error: message was deserialized, but the handler returned false (indicating failure)

IPDL protocol error: Handler returned error code!

###!!! [Parent][DispatchAsyncMessage] Error: PImageBridge::Msg_Update Processing error: message was deserialized, but the handler returned false (indicating failure)

IPDL protocol error: Handler returned error code!

###!!! [Parent][DispatchAsyncMessage] Error: PImageBridge::Msg_Update Processing error: message was deserialized, but the handler returned false (indicating failure)

IPDL protocol error: Handler returned error code!

###!!! [Parent][DispatchAsyncMessage] Error: PImageBridge::Msg_Update Processing error: message was deserialized, but the handler returned false (indicating failure)

IPDL protocol error: Handler returned error code!

###!!! [Parent][DispatchAsyncMessage] Error: PImageBridge::Msg_Update Processing error: message was deserialized, but the handler returned false (indicating failure)

IPDL protocol error: Handler returned error code!

###!!! [Parent][DispatchAsyncMessage] Error: PImageBridge::Msg_Update Processing error: message was deserialized, but the handler returned false (indicating failure)

IPDL protocol error: Handler returned error code!

###!!! [Parent][DispatchAsyncMessage] Error: PImageBridge::Msg_Update Processing error: message was deserialized, but the handler returned false (indicating failure)

IPDL protocol error: Handler returned error code!

###!!! [Parent][DispatchAsyncMessage] Error: PImageBridge::Msg_Update Processing error: message was deserialized, but the handler returned false (indicating failure)

IPDL protocol error: Handler returned error code!

###!!! [Parent][DispatchAsyncMessage] Error: PImageBridge::Msg_Update Processing error: message was deserialized, but the handler returned false (indicating failure)

IPDL protocol error: Handler returned error code!

###!!! [Parent][DispatchAsyncMessage] Error: PImageBridge::Msg_Update Processing error: message was deserialized, but the handler returned false (indicating failure)

IPDL protocol error: Handler returned error code!

###!!! [Parent][DispatchAsyncMessage] Error: PImageBridge::Msg_Update Processing error: message was deserialized, but the handler returned false (indicating failure)

IPDL protocol error: Handler returned error code!

###!!! [Parent][DispatchAsyncMessage] Error: PImageBridge::Msg_Update Processing error: message was deserialized, but the handler returned false (indicating failure)

IPDL protocol error: Handler returned error code!

###!!! [Parent][DispatchAsyncMessage] Error: PImageBridge::Msg_Update Processing error: message was deserialized, but the handler returned false (indicating failure)

IPDL protocol error: Handler returned error code!

###!!! [Parent][DispatchAsyncMessage] Error: PImageBridge::Msg_Update Processing error: message was deserialized, but the handler returned false (indicating failure)

IPDL protocol error: Handler returned error code!

###!!! [Parent][DispatchAsyncMessage] Error: PImageBridge::Msg_Update Processing error: message was deserialized, but the handler returned false (indicating failure)

IPDL protocol error: Handler returned error code!

###!!! [Parent][DispatchAsyncMessage] Error: PImageBridge::Msg_Update Processing error: message was deserialized, but the handler returned false (indicating failure)

IPDL protocol error: Handler returned error code!

###!!! [Parent][DispatchAsyncMessage] Error: PImageBridge::Msg_Update Processing error: message was deserialized, but the handler returned false (indicating failure)

IPDL protocol error: Handler returned error code!

###!!! [Parent][DispatchAsyncMessage] Error: PImageBridge::Msg_Update Processing error: message was deserialized, but the handler returned false (indicating failure)

IPDL protocol error: Handler returned error code!

###!!! [Parent][DispatchAsyncMessage] Error: PImageBridge::Msg_Update Processing error: message was deserialized, but the handler returned false (indicating failure)

IPDL protocol error: Handler returned error code!

###!!! [Parent][DispatchAsyncMessage] Error: PImageBridge::Msg_Update Processing error: message was deserialized, but the handler returned false (indicating failure)

IPDL protocol error: Handler returned error code!

###!!! [Parent][DispatchAsyncMessage] Error: PImageBridge::Msg_Update Processing error: message was deserialized, but the handler returned false (indicating failure)

IPDL protocol error: Handler returned error code!

###!!! [Parent][DispatchAsyncMessage] Error: PImageBridge::Msg_Update Processing error: message was deserialized, but the handler returned false (indicating failure)

IPDL protocol error: Handler returned error code!

###!!! [Parent][DispatchAsyncMessage] Error: PImageBridge::Msg_Update Processing error: message was deserialized, but the handler returned false (indicating failure)

IPDL protocol error: Handler returned error code!

###!!! [Parent][DispatchAsyncMessage] Error: PImageBridge::Msg_Update Processing error: message was deserialized, but the handler returned false (indicating failure)

IPDL protocol error: Handler returned error code!

###!!! [Parent][DispatchAsyncMessage] Error: PImageBridge::Msg_Update Processing error: message was deserialized, but the handler returned false (indicating failure)

IPDL protocol error: Handler returned error code!

###!!! [Parent][DispatchAsyncMessage] Error: PImageBridge::Msg_Update Processing error: message was deserialized, but the handler returned false (indicating failure)

IPDL protocol error: Handler returned error code!

###!!! [Parent][DispatchAsyncMessage] Error: PImageBridge::Msg_Update Processing error: message was deserialized, but the handler returned false (indicating failure)

IPDL protocol error: Handler returned error code!

###!!! [Parent][DispatchAsyncMessage] Error: PImageBridge::Msg_Update Processing error: message was deserialized, but the handler returned false (indicating failure)

IPDL protocol error: Handler returned error code!

###!!! [Parent][DispatchAsyncMessage] Error: PImageBridge::Msg_Update Processing error: message was deserialized, but the handler returned false (indicating failure)

IPDL protocol error: Handler returned error code!

###!!! [Parent][DispatchAsyncMessage] Error: PImageBridge::Msg_Update Processing error: message was deserialized, but the handler returned false (indicating failure)

IPDL protocol error: Handler returned error code!

###!!! [Parent][DispatchAsyncMessage] Error: PImageBridge::Msg_Update Processing error: message was deserialized, but the handler returned false (indicating failure)

IPDL protocol error: Handler returned error code!

###!!! [Parent][DispatchAsyncMessage] Error: PImageBridge::Msg_Update Processing error: message was deserialized, but the handler returned false (indicating failure)

IPDL protocol error: Handler returned error code!

###!!! [Parent][DispatchAsyncMessage] Error: PImageBridge::Msg_Update Processing error: message was deserialized, but the handler returned false (indicating failure)

IPDL protocol error: Handler returned error code!

###!!! [Parent][DispatchAsyncMessage] Error: PImageBridge::Msg_Update Processing error: message was deserialized, but the handler returned false (indicating failure)

IPDL protocol error: Handler returned error code!

###!!! [Parent][DispatchAsyncMessage] Error: PImageBridge::Msg_Update Processing error: message was deserialized, but the handler returned false (indicating failure)

IPDL protocol error: Handler returned error code!

###!!! [Parent][DispatchAsyncMessage] Error: PImageBridge::Msg_Update Processing error: message was deserialized, but the handler returned false (indicating failure)

IPDL protocol error: Handler returned error code!

###!!! [Parent][DispatchAsyncMessage] Error: PImageBridge::Msg_Update Processing error: message was deserialized, but the handler returned false (indicating failure)

IPDL protocol error: Handler returned error code!

###!!! [Parent][DispatchAsyncMessage] Error: PImageBridge::Msg_Update Processing error: message was deserialized, but the handler returned false (indicating failure)

IPDL protocol error: Handler returned error code!

###!!! [Parent][DispatchAsyncMessage] Error: PImageBridge::Msg_Update Processing error: message was deserialized, but the handler returned false (indicating failure)

IPDL protocol error: Handler returned error code!

###!!! [Parent][DispatchAsyncMessage] Error: PImageBridge::Msg_Update Processing error: message was deserialized, but the handler returned false (indicating failure)

IPDL protocol error: Handler returned error code!

###!!! [Parent][DispatchAsyncMessage] Error: PImageBridge::Msg_Update Processing error: message was deserialized, but the handler returned false (indicating failure)

IPDL protocol error: Handler returned error code!

###!!! [Parent][DispatchAsyncMessage] Error: PImageBridge::Msg_Update Processing error: message was deserialized, but the handler returned false (indicating failure)

IPDL protocol error: Handler returned error code!

###!!! [Parent][DispatchAsyncMessage] Error: PImageBridge::Msg_Update Processing error: message was deserialized, but the handler returned false (indicating failure)

IPDL protocol error: Handler returned error code!

###!!! [Parent][DispatchAsyncMessage] Error: PImageBridge::Msg_Update Processing error: message was deserialized, but the handler returned false (indicating failure)

IPDL protocol error: Handler returned error code!

###!!! [Parent][DispatchAsyncMessage] Error: PImageBridge::Msg_Update Processing error: message was deserialized, but the handler returned false (indicating failure)

IPDL protocol error: Handler returned error code!

###!!! [Parent][DispatchAsyncMessage] Error: PImageBridge::Msg_Update Processing error: message was deserialized, but the handler returned false (indicating failure)

IPDL protocol error: Handler returned error code!

###!!! [Parent][DispatchAsyncMessage] Error: PImageBridge::Msg_Update Processing error: message was deserialized, but the handler returned false (indicating failure)

IPDL protocol error: Handler returned error code!

###!!! [Parent][DispatchAsyncMessage] Error: PImageBridge::Msg_Update Processing error: message was deserialized, but the handler returned false (indicating failure)

IPDL protocol error: Handler returned error code!

###!!! [Parent][DispatchAsyncMessage] Error: PImageBridge::Msg_Update Processing error: message was deserialized, but the handler returned false (indicating failure)

IPDL protocol error: Handler returned error code!

###!!! [Parent][DispatchAsyncMessage] Error: PImageBridge::Msg_Update Processing error: message was deserialized, but the handler returned false (indicating failure)

IPDL protocol error: Handler returned error code!

###!!! [Parent][DispatchAsyncMessage] Error: PImageBridge::Msg_Update Processing error: message was deserialized, but the handler returned false (indicating failure)

IPDL protocol error: Handler returned error code!

###!!! [Parent][DispatchAsyncMessage] Error: PImageBridge::Msg_Update Processing error: message was deserialized, but the handler returned false (indicating failure)

IPDL protocol error: Handler returned error code!

###!!! [Parent][DispatchAsyncMessage] Error: PImageBridge::Msg_Update Processing error: message was deserialized, but the handler returned false (indicating failure)

IPDL protocol error: Handler returned error code!

###!!! [Parent][DispatchAsyncMessage] Error: PImageBridge::Msg_Update Processing error: message was deserialized, but the handler returned false (indicating failure)

IPDL protocol error: Handler returned error code!

###!!! [Parent][DispatchAsyncMessage] Error: PImageBridge::Msg_Update Processing error: message was deserialized, but the handler returned false (indicating failure)

IPDL protocol error: Handler returned error code!

###!!! [Parent][DispatchAsyncMessage] Error: PImageBridge::Msg_Update Processing error: message was deserialized, but the handler returned false (indicating failure)

IPDL protocol error: Handler returned error code!

###!!! [Parent][DispatchAsyncMessage] Error: PImageBridge::Msg_Update Processing error: message was deserialized, but the handler returned false (indicating failure)

IPDL protocol error: Handler returned error code!

###!!! [Parent][DispatchAsyncMessage] Error: PImageBridge::Msg_Update Processing error: message was deserialized, but the handler returned false (indicating failure)

IPDL protocol error: Handler returned error code!

###!!! [Parent][DispatchAsyncMessage] Error: PImageBridge::Msg_Update Processing error: message was deserialized, but the handler returned false (indicating failure)

IPDL protocol error: Handler returned error code!

###!!! [Parent][DispatchAsyncMessage] Error: PImageBridge::Msg_Update Processing error: message was deserialized, but the handler returned false (indicating failure)

IPDL protocol error: Handler returned error code!

###!!! [Parent][DispatchAsyncMessage] Error: PImageBridge::Msg_Update Processing error: message was deserialized, but the handler returned false (indicating failure)

IPDL protocol error: Handler returned error code!

###!!! [Parent][DispatchAsyncMessage] Error: PImageBridge::Msg_Update Processing error: message was deserialized, but the handler returned false (indicating failure)

IPDL protocol error: Handler returned error code!

###!!! [Parent][DispatchAsyncMessage] Error: PImageBridge::Msg_Update Processing error: message was deserialized, but the handler returned false (indicating failure)

JavaScript error: resource:///modules/sessionstore/SessionStore.jsm, line 1811: TypeError: subject.QueryInterface is not a function
JavaScript error: resource:///modules/sessionstore/SessionStore.jsm, line 1811: TypeError: subject.QueryInterface is not a function
A content process crashed and MOZ_CRASHREPORTER_SHUTDOWN is set, shutting down
[Parent 570232, Gecko_IOThread] WARNING: pipe error: 109: file z:/task_1571237120/build/src/ipc/chromium/src/chrome/common/ipc_channel_win.cc, line 341
[Child 570996, Chrome_ChildThread] WARNING: pipe error: 109: file z:/task_1571237120/build/src/ipc/chromium/src/chrome/common/ipc_channel_win.cc, line 341
[Child 570991574320580734	Marionette	INFO	Stopped listening on port 55960
[G
###!!! [Child][RunMessage] Error: Channel closing: too late to send/recv, messages will be lost

PU 573248, Chrome
###!!! [Child][MessageChannel::SendAndWait] Error: Channel error: cannot send/recv

1574320620166	mozrunner::runner	INFO	Running command: "C:\\Program Files (x86)\\Mozilla Firefox\\firefox.exe" "-marionette" "-foreground" "-no-remote" "-profile" "C:\\Users\\hrbacm\\AppData\\Local\\Temp\\rust_mozprofileV0kfv0"
1574320621134	addons.webextension.screenshots@mozilla.org	WARN	Loading extension 'screenshots@mozilla.org': Reading manifest: Invalid extension permission: mozillaAddons
1574320621135	addons.webextension.screenshots@mozilla.org	WARN	Loading extension 'screenshots@mozilla.org': Reading manifest: Invalid extension permission: telemetry
1574320621136	addons.webextension.screenshots@mozilla.org	WARN	Loading extension 'screenshots@mozilla.org': Reading manifest: Invalid extension permission: resource://pdf.js/
1574320621136	addons.webextension.screenshots@mozilla.org	WARN	Loading extension 'screenshots@mozilla.org': Reading manifest: Invalid extension permission: about:reader*
JavaScript error: resource:///modules/sessionstore/SessionStore.jsm, line 1325: uncaught exception: 2147746065
1574320623811	Marionette	INFO	Listening on port 56047
1574320624052	Marionette	WARN	TLS certificate errors will be ignored for this session
1574320626853	Marionette	INFO	Stopped listening on port 56047
IPDL protocol error: Handler returned error code!

###!!! [Parent][DispatchAsyncMessage] Error: PLayerTransaction::Msg_ReleaseLayer Processing error: message was deserialized, but the handler returned false (indicating failure)

IPDL protocol error: Handler returned error code!

###!!! [Parent][DispatchAsyncMessage] Error: PLayerTransaction::Msg_ReleaseLayer Processing error: message was deserialized, but the handler returned false (indicating failure)

[Parent 536196, Gecko_IOThread] WARNING: pipe error: 109: file z:/task_1571237120/build/src/ipc/chromium/src/chrome/common/ipc_channel_win.cc, line 341
[Child 574256, Chrome_ChildThread] WARNING: pipe error: 109: file z:/task_1571237120/build/src/ipc/chromium/src/chrome/common/ipc_channel_win.cc, line 341
[Child 574256, Chrome_ChildThread] WARNING: [Parent 536196, Gecko_IOThread] WARNING: pipe error: 109: file z:/task_1571237120/build/src/ipc/chromium/src/chrome/common/ipc_channel_win.cc, line 341
[Child 571612, Chrome_ChildThread] WARNING: pipe error: 109: file z:/task_1571237120/build/src/ipc/chromium/src/chrome/common/ipc_channel_win.cc, line 341
[Child 5716[GPU 
###!!! [Child][RunMessage] Error: Channel closing: too late to send/recv, messages will be lost

352464, Chrome_ChildThr
###!!! [Child][MessageChannel::SendAndWait] Error: Channel error: cannot send/recv

1574320637071	mozrunner::runner	INFO	Running command: "C:\\Program Files (x86)\\Mozilla Firefox\\firefox.exe" "-marionette" "-foreground" "-no-remote" "-profile" "C:\\Users\\hrbacm\\AppData\\Local\\Temp\\rust_mozprofileitXpK1"
1574320637783	addons.webextension.screenshots@mozilla.org	WARN	Loading extension 'screenshots@mozilla.org': Reading manifest: Invalid extension permission: mozillaAddons
1574320637783	addons.webextension.screenshots@mozilla.org	WARN	Loading extension 'screenshots@mozilla.org': Reading manifest: Invalid extension permission: telemetry
1574320637784	addons.webextension.screenshots@mozilla.org	WARN	Loading extension 'screenshots@mozilla.org': Reading manifest: Invalid extension permission: resource://pdf.js/
1574320637784	addons.webextension.screenshots@mozilla.org	WARN	Loading extension 'screenshots@mozilla.org': Reading manifest: Invalid extension permission: about:reader*
JavaScript error: resource:///modules/sessionstore/SessionStore.jsm, line 1325: uncaught exception: 2147746065
1574320640627	Marionette	INFO	Listening on port 56100
1574320640910	Marionette	WARN	TLS certificate errors will be ignored for this session
1574320643714	Marionette	INFO	Stopped listening on port 56100
[Child 570756, Chrome_ChildThread] WARNING: pipe error: 109: file z:/task_1571237120/build/src/ipc/chromium/src/chrome/common/ipc_channel_win.cc, line 341
[Child 5707IPDL protocol error: Handler returned error code!

###!!! [Parent][DispatchAsyncMessage] Error: PLayerTransaction::Msg_ReleaseLayer Processing error: message was deserialized, but the handler returned false (indicating failure)

IPDL protocol error: Handler returned error code!

###!!! [Parent][DispatchAsyncMessage] Error: PLayerTransaction::Msg_ReleaseLayer Processing error: message was deserialized, but the handler returned false (indicating failure)

[Parent 576496, Gecko_IOThread] WARNING: pipe error: 109: file z:/task_1571237120/build/src/ipc/chromium/src/chrome/common/ipc_channel_win.cc, line 341
[Child 546376, Chrome_ChildThread] WARNING: pipe error: 109: file z:/task_1571237120/build/src/ipc/chromium/src/chrome/common/ipc_channel_win.cc, line 341
[Child 546376, Chrome_ChildThr[Parent 576496, Gecko_IOThread] WARNING: pipe error: 109: file z:/task_1571237120/build/src/ipc/chromium/src/chrome/common/ipc_channel_win.cc, line 341
[GPU 546260, Chrome_ChildThread] WARNING: pipe error: 10
###!!! [Parent][RunMessage] Error: Channel closing: too late to send/recv, messages will be lost


###!!! [Child][MessageChannel::SendAndWait] Error: Channel error: cannot send/recv

1574320789419	mozrunner::runner	INFO	Running command: "C:\\Program Files (x86)\\Mozilla Firefox\\firefox.exe" "-marionette" "-foreground" "-no-remote" "-profile" "C:\\Users\\hrbacm\\AppData\\Local\\Temp\\rust_mozprofile2mCZ3Q"
1574320790102	addons.webextension.screenshots@mozilla.org	WARN	Loading extension 'screenshots@mozilla.org': Reading manifest: Invalid extension permission: mozillaAddons
1574320790103	addons.webextension.screenshots@mozilla.org	WARN	Loading extension 'screenshots@mozilla.org': Reading manifest: Invalid extension permission: telemetry
1574320790103	addons.webextension.screenshots@mozilla.org	WARN	Loading extension 'screenshots@mozilla.org': Reading manifest: Invalid extension permission: resource://pdf.js/
1574320790103	addons.webextension.screenshots@mozilla.org	WARN	Loading extension 'screenshots@mozilla.org': Reading manifest: Invalid extension permission: about:reader*
JavaScript error: resource:///modules/sessionstore/SessionStore.jsm, line 1325: uncaught exception: 2147746065
1574320793073	Marionette	INFO	Listening on port 56184
1574320793265	Marionette	WARN	TLS certificate errors will be ignored for this session
1574320796081	Marionette	INFO	Stopped listening on port 56184
[Parent 576484, Gecko_IOThread] WARNING: pipe error: 109: file z:/task_1571237120/build/src/ipc/chromium/src/chrome/common/ipc_channel_win.cc, line 341
IPDL protocol error: Handler returned error code!

###!!! [Parent][DispatchAsyncMessage] Error: PLayerTransaction::Msg_ReleaseLayer Processing error: message was deserialized, but the handler returned false (indicating failure)

IPDL protocol error: Handler returned error code!

###!!! [Parent][DispatchAsyncMessage] Error: PLayerTransaction::Msg_ReleaseLayer Processing error: message was deserialized, but the handler returned false (indicating failure)

[Parent 576484, Gecko_IOThread] WARNING: pipe error: 109: file z:/task_1571237120/build/src/ipc/chromium/src/chrome/common/ipc_channel_win.cc, line 341
[Child 575652, Chrome_ChildThread] WARNING: pipe error: 109: file z:/task_1571237120/build/src/ipc/chromium/src/chrome/common/ipc_channel_win.cc, line 341
[Child 575652, Chrom[Child 575388, Chrome_ChildThread] WARNING: pipe error: 109: file z:/task_1571237120/build/src/ipc/chromium/src/chrome/common/ipc_channel_win.cc, line 341
[Child 57538[GPU 576508, C
###!!! [Child][RunMessage] Error: Channel closing: too late to send/recv, messages will be lost

h
###!!! [Child][MessageChannel::SendAndWait] Error: Channel error: cannot send/recv

1574320849849	mozrunner::runner	INFO	Running command: "C:\\Program Files (x86)\\Mozilla Firefox\\firefox.exe" "-marionette" "-foreground" "-no-remote" "-profile" "C:\\Users\\hrbacm\\AppData\\Local\\Temp\\rust_mozprofileu5AXvD"
1574320850593	addons.webextension.screenshots@mozilla.org	WARN	Loading extension 'screenshots@mozilla.org': Reading manifest: Invalid extension permission: mozillaAddons
1574320850593	addons.webextension.screenshots@mozilla.org	WARN	Loading extension 'screenshots@mozilla.org': Reading manifest: Invalid extension permission: telemetry
1574320850593	addons.webextension.screenshots@mozilla.org	WARN	Loading extension 'screenshots@mozilla.org': Reading manifest: Invalid extension permission: resource://pdf.js/
1574320850594	addons.webextension.screenshots@mozilla.org	WARN	Loading extension 'screenshots@mozilla.org': Reading manifest: Invalid extension permission: about:reader*
JavaScript error: resource:///modules/sessionstore/SessionStore.jsm, line 1325: uncaught exception: 2147746065
1574320853408	Marionette	INFO	Listening on port 56261
1574320853705	Marionette	WARN	TLS certificate errors will be ignored for this session
1574320856564	Marionette	INFO	Stopped listening on port 56261
IPDL protocol error: Handler returned error code!

###!!! [Parent][DispatchAsyncMessage] Error: PLayerTransaction::Msg_ReleaseLayer Processing error: message was deserialized, but the handler returned false (indicating failure)

IPDL protocol error: Handler returned error code!

###!!! [Parent][DispatchAsyncMessage] Error: PLayerTransaction::Msg_ReleaseLayer Processing error: message was deserialized, but the handler returned false (indicating failure)

[Child 576272, Chrome_ChildThread] WARNING: pipe error: 109: file z:/task_1571237120/build/src/ipc/chromium/src/chrome/common/ipc_channel_win.cc, line 341
[Child 576272, Chrome_ChildThread] WARNING: [Parent 576240, Gecko_IOThread] WARNING: pipe error: 109: file z:/task_1571237120/build/src/ipc/chromium/src/chrome/common/ipc_channel_win.cc, line 341
[Child 570892, Chrome_ChildThread] WARNING: pipe error: 109: file z:/task_1571237120/build/src/ipc/chromium/src/chrome/common/ipc_channel_win.cc, line 341
[Child 570892, Chr[GPU 571416, Chrome_ChildThread] WARNING: pipe error: 109: fi
###!!! [Child][RunMessage] Error: Channel closing: too late to send/recv, messages will be lost

le z:/task_1571237120/build/src/ipc/chromium/src/chrome/common/ipc_channel_win.cc, line 3
###!!! [Child][MessageChannel::SendAndWait] Error: Channel error: cannot send/recv

1574320869420	mozrunner::runner	INFO	Running command: "C:\\Program Files (x86)\\Mozilla Firefox\\firefox.exe" "-marionette" "-foreground" "-no-remote" "-profile" "C:\\Users\\hrbacm\\AppData\\Local\\Temp\\rust_mozprofileH3mkiI"
1574320870120	addons.webextension.screenshots@mozilla.org	WARN	Loading extension 'screenshots@mozilla.org': Reading manifest: Invalid extension permission: mozillaAddons
1574320870120	addons.webextension.screenshots@mozilla.org	WARN	Loading extension 'screenshots@mozilla.org': Reading manifest: Invalid extension permission: telemetry
1574320870121	addons.webextension.screenshots@mozilla.org	WARN	Loading extension 'screenshots@mozilla.org': Reading manifest: Invalid extension permission: resource://pdf.js/
1574320870121	addons.webextension.screenshots@mozilla.org	WARN	Loading extension 'screenshots@mozilla.org': Reading manifest: Invalid extension permission: about:reader*
JavaScript error: resource:///modules/sessionstore/SessionStore.jsm, line 1325: uncaught exception: 2147746065
1574320872859	Marionette	INFO	Listening on port 56329
1574320873274	Marionette	WARN	TLS certificate errors will be ignored for this session
1574320876156	Marionette	INFO	Stopped listening on port 56329
[Parent 576888, Gecko_IOThread] WARNING: pipe error: 109: file z:/task_1571237120/build/src/ipc/chromium/src/chrome/common/ipc_channel_win.cc, line 341
[Child 576132, Chrome_ChildThread] WARNING: pipe error: 109: file z:/task_1571237120/build/src/ipc/chromium/src/chrome/common/ipc_channel_win.cc, line 341
[Child 576132, Chrome_ChildThread] WAIPDL protocol error: Handler returned error code!

###!!! [Parent][DispatchAsyncMessage] Error: PLayerTransaction::Msg_ReleaseLayer Processing error: message was deserialized, but the handler returned false (indicating failure)

IPDL protocol error: Handler returned error code!

###!!! [Parent][DispatchAsyncMessage] Error: PLayerTransaction::Msg_ReleaseLayer Processing error: message was deserialized, but the handler returned false (indicating failure)

IPDL protocol error: Handler returned error code!

###!!! [Parent][DispatchAsyncMessage] Error: PLayerTransaction::Msg_ReleaseLayer Processing error: message was deserialized, but the handler returned false (indicating failure)

IPDL protocol error: Handler returned error code!

###!!! [Parent][DispatchAsyncMessage] Error: PLayerTransaction::Msg_ReleaseLayer Processing error: message was deserialized, but the handler returned false (indicating failure)

IPDL protocol error: Handler returned error code!

###!!! [Parent][DispatchAsyncMessage] Error: PLayerTransaction::Msg_ReleaseLayer Processing error: message was deserialized, but the handler returned false (indicating failure)

IPDL protocol error: Handler returned error code!

###!!! [Parent][DispatchAsyncMessage] Error: PLayerTransaction::Msg_ReleaseLayer Processing error: message was deserialized, but the handler returned false (indicating failure)

IPDL protocol error: Handler returned error code!

###!!! [Parent][DispatchAsyncMessage] Error: PLayerTransaction::Msg_ReleaseLayer Processing error: message was deserialized, but the handler returned false (indicating failure)

IPDL protocol error: Handler returned error code!

###!!! [Parent][DispatchAsyncMessage] Error: PLayerTransaction::Msg_ReleaseLayer Processing error: message was deserialized, but the handler returned false (indicating failure)

IPDL protocol error: Handler returned error code!

###!!! [Parent][DispatchAsyncMessage] Error: PLayerTransaction::Msg_ReleaseLayer Processing error: message was deserialized, but the handler returned false (indicating failure)

IPDL protocol error: Handler returned error code!

###!!! [Parent][DispatchAsyncMessage] Error: PLayerTransaction::Msg_ReleaseLayer Processing error: message was deserialized, but the handler returned false (indicating failure)

IPDL protocol error: Handler returned error code!

###!!! [Parent][DispatchAsyncMessage] Error: PLayerTransaction::Msg_ReleaseLayer Processing error: message was deserialized, but the handler returned false (indicating failure)

IPDL protocol error: Handler returned error code!

###!!! [Parent][DispatchAsyncMessage] Error: PLayerTransaction::Msg_ReleaseLayer Processing error: message was deserialized, but the handler returned false (indicating failure)

IPDL protocol error: Handler returned error code!

###!!! [Parent][DispatchAsyncMessage] Error: PLayerTransaction::Msg_ReleaseLayer Processing error: message was deserialized, but the handler returned false (indicating failure)

IPDL protocol error: Handler returned error code!

###!!! [Parent][DispatchAsyncMessage] Error: PLayerTransaction::Msg_ReleaseLayer Processing error: message was deserialized, but the handler returned false (indicating failure)

IPDL protocol error: Handler returned error code!

###!!! [Parent][DispatchAsyncMessage] Error: PLayerTransaction::Msg_ReleaseLayer Processing error: message was deserialized, but the handler returned false (indicating failure)

IPDL protocol error: Handler returned error code!

###!!! [Parent][DispatchAsyncMessage] Error: PLayerTransaction::Msg_ReleaseLayer Processing error: message was deserialized, but the handler returned false (indicating failure)

IPDL protocol error: Handler returned error code!

###!!! [Parent][DispatchAsyncMessage] Error: PLayerTransaction::Msg_ReleaseLayer Processing error: message was deserialized, but the handler returned false (indicating failure)

IPDL protocol error: Handler returned error code!

###!!! [Parent][DispatchAsyncMessage] Error: PLayerTransaction::Msg_ReleaseLayer Processing error: message was deserialized, but the handler returned false (indicating failure)

IPDL protocol error: Handler returned error code!

###!!! [Parent][DispatchAsyncMessage] Error: PLayerTransaction::Msg_ReleaseLayer Processing error: message was deserialized, but the handler returned false (indicating failure)

IPDL protocol error: Handler returned error code!

###!!! [Parent][DispatchAsyncMessage] Error: PLayerTransaction::Msg_ReleaseLayer Processing error: message was deserialized, but the handler returned false (indicating failure)

IPDL protocol error: Handler returned error code!

###!!! [Parent][DispatchAsyncMessage] Error: PLayerTransaction::Msg_ReleaseLayer Processing error: message was deserialized, but the handler returned false (indicating failure)

[Child 570232, Chrome_ChildThread] WARNING: pipe error: 109: file z:/task_1571237120/build/src/ipc/chromium/src/chrome/common/ipc_channel_win.cc, line 341
[Child 570232, C[Parent 576888, Gecko_IOThread] WARNING: pipe error: 109: file z:/task_1571237120/build/src/ipc/chromium/src/chrome/common/ipc_channel_win.cc, line 341
[Child 573336, Chrome_ChildThread] WARNING: pipe error: 109: file z:/task_1571237120/build/src/ipc/chromium/src/chrome/common/ipc_channel_win.cc, line 341
[Child 573336, Ch[GPU
###!!! [Child][RunMessage] Error: Channel closing: too late to send/recv, messages will be lost

 552408, Chrome_ChildThread] WAR
###!!! [Child][MessageChannel::SendAndWait] Error: Channel error: cannot send/recv

1574320949336	mozrunner::runner	INFO	Running command: "C:\\Program Files (x86)\\Mozilla Firefox\\firefox.exe" "-marionette" "-foreground" "-no-remote" "-profile" "C:\\Users\\hrbacm\\AppData\\Local\\Temp\\rust_mozprofileEL9tN3"
1574320950006	addons.webextension.screenshots@mozilla.org	WARN	Loading extension 'screenshots@mozilla.org': Reading manifest: Invalid extension permission: mozillaAddons
1574320950006	addons.webextension.screenshots@mozilla.org	WARN	Loading extension 'screenshots@mozilla.org': Reading manifest: Invalid extension permission: telemetry
1574320950006	addons.webextension.screenshots@mozilla.org	WARN	Loading extension 'screenshots@mozilla.org': Reading manifest: Invalid extension permission: resource://pdf.js/
1574320950006	addons.webextension.screenshots@mozilla.org	WARN	Loading extension 'screenshots@mozilla.org': Reading manifest: Invalid extension permission: about:reader*
JavaScript error: resource:///modules/sessionstore/SessionStore.jsm, line 1325: uncaught exception: 2147746065
1574320952666	Marionette	INFO	Listening on port 56410
1574320952706	Marionette	WARN	TLS certificate errors will be ignored for this session
1574320955740	Marionette	INFO	Stopped listening on port 56410
[Child 570760, Chrome_ChildThread] WARNING: pipe error: 109: file z:/task_1571237120/build/src/ipc/chromium/src/chrome/common/ipc_channel_win.cc, line 341
[Child 570760, Chrome_ChildThread] WARNING: pipe error: 109: file z:/task_1571237120/build/src/ipc/chromium/src/chrome/common/ipc_channel_win.cc, line 341
IPDL protocol error: Handler returned error code!

###!!! [Parent][DispatchAsyncMessage] Error: PLayerTransaction::Msg_ReleaseLayer Processing error: message was deserialized, but the handler returned false (indicating failure)

IPDL protocol error: Handler returned error code!

###!!! [Parent][DispatchAsyncMessage] Error: PLayerTransaction::Msg_ReleaseLayer Processing error: message was deserialized, but the handler returned false (indicating failure)

[Parent 571120, Gecko_IOThread] WARNING: pipe error: 109: file z:/task_1571237120/build/src/ipc/chromium/src/chrome/common/ipc_channel_win.cc, line 341
[Child 569528, Chrome_ChildThread] WARNING: pipe error: 109: file z:/task_1571237120/build/src/ipc/chromium/src/chrome/common/ipc_channel_win.cc, line 341
[Child 569528, Chrome_ChildThread] WARNIN[Child 577244, Chrome_ChildThread] WARNING: pipe error: 109: file z:/task_1571237120/build/src/ipc/chromium/src/chrome/common/ipc_channel_win.cc, line 341
[Child 577244, [GPU 57150
###!!! [Child][RunMessage] Error: Channel closing: too late to send/recv, messages will be lost

8, Chrome_ChildThr
###!!! [Child][MessageChannel::SendAndWait] Error: Channel error: cannot send/recv

1574320994190	mozrunner::runner	INFO	Running command: "C:\\Program Files (x86)\\Mozilla Firefox\\firefox.exe" "-marionette" "-foreground" "-no-remote" "-profile" "C:\\Users\\hrbacm\\AppData\\Local\\Temp\\rust_mozprofiledIVq45"
1574320994828	addons.webextension.screenshots@mozilla.org	WARN	Loading extension 'screenshots@mozilla.org': Reading manifest: Invalid extension permission: mozillaAddons
1574320994828	addons.webextension.screenshots@mozilla.org	WARN	Loading extension 'screenshots@mozilla.org': Reading manifest: Invalid extension permission: telemetry
1574320994829	addons.webextension.screenshots@mozilla.org	WARN	Loading extension 'screenshots@mozilla.org': Reading manifest: Invalid extension permission: resource://pdf.js/
1574320994829	addons.webextension.screenshots@mozilla.org	WARN	Loading extension 'screenshots@mozilla.org': Reading manifest: Invalid extension permission: about:reader*
JavaScript error: resource:///modules/sessionstore/SessionStore.jsm, line 1325: uncaught exception: 2147746065
1574320997495	Marionette	INFO	Listening on port 56489
1574320997538	Marionette	WARN	TLS certificate errors will be ignored for this session
1574321000345	Marionette	INFO	Stopped listening on port 56489
[Parent 537656, Gecko_IOThread] WARNING: pipe error: 109: file z:/task_1571237120/build/src/ipc/chromium/src/chrome/common/ipc_channel_win.cc, line 341
[Child 572952, Chrome_ChildThread] WARNING: pipe error: 109: file z:/task_1571237120/build/src/ipc/chromium/src/chrome/common/ipc_channel_win.cc, line 341
[Child 572952, Chrome_ChildThread] WARNING: [Parent 537656, Gecko_IOThread] WARNING: pipe error: 109: file z:/task_1571237120/build/src/ipc/chromium/src/chrome/common/ipc_channel_win.cc, line 341
[Child 574872, Chrome_ChildThread] WARNING: pipe error: 109: file z:/task_1571237120/build/src/ipc/chromium/src/chrome/common/ipc_channel_win.cc, line 341
[Child 574872, C
###!!! [Child][RunMessage] Error: Channel closing: too late to send/recv, messages will be lost

[GPU 575552, Chr
###!!! [Child][MessageChannel::SendAndWait] Error: Channel error: cannot send/recv

1574322748799	mozrunner::runner	INFO	Running command: "C:\\Program Files (x86)\\Mozilla Firefox\\firefox.exe" "-marionette" "-foreground" "-no-remote" "-profile" "C:\\Users\\hrbacm\\AppData\\Local\\Temp\\rust_mozprofileTLMBLv"
1574322749928	addons.webextension.screenshots@mozilla.org	WARN	Loading extension 'screenshots@mozilla.org': Reading manifest: Invalid extension permission: mozillaAddons
1574322749928	addons.webextension.screenshots@mozilla.org	WARN	Loading extension 'screenshots@mozilla.org': Reading manifest: Invalid extension permission: telemetry
1574322749928	addons.webextension.screenshots@mozilla.org	WARN	Loading extension 'screenshots@mozilla.org': Reading manifest: Invalid extension permission: resource://pdf.js/
1574322749928	addons.webextension.screenshots@mozilla.org	WARN	Loading extension 'screenshots@mozilla.org': Reading manifest: Invalid extension permission: about:reader*
JavaScript error: resource:///modules/sessionstore/SessionStore.jsm, line 1325: uncaught exception: 2147746065
1574322753284	Marionette	INFO	Listening on port 56796
1574322753306	Marionette	WARN	TLS certificate errors will be ignored for this session
1574322773732	Marionette	INFO	Stopped listening on port 56796
[Child 581108, Chrome_ChildThread] WARNING: pipe error: 109: file z:/task_1571237120/build/src/ipc/chromium/src/chrome/common/ipc_channel_win.cc, line 341
[Chil[Parent 578816, Gecko_IOThread] WARNING: pipe error: 109: file z:/task_1571237120/build/src/ipc/chromium/src/chrome/common/ipc_channel_win.cc, line 341
[Child 383876, Chrome_ChildThread] WARNING: pipe error: 109: file z:/task_1571237120/build/src/ipc/chromium/src/chrome/common/ipc_channel_win.cc, line 341
[Child 383876, Chrome[Parent 578816, Gecko_IOThread] WARNING: pipe error: 109: file z:/task_1571237120/build/src/ipc/chromium/src/chrome/common/ipc_channel_win.cc, line 341
[Child 571584, Chrome_ChildThread] WARNING: pipe error: 109: file z:/task_1571237120/build/src/ipc/chromium/src/chrome/common/ipc_channel_win.cc, line 341
[Child 571584, C
###!!! [Child][RunMessage] Error: Channel closing: too late to send/recv, messages will be lost

[GPU 574708, Chrome_C
###!!! [Child][MessageChannel::SendAndWait] Error: Channel error: cannot send/recv

1574323933514	mozrunner::runner	INFO	Running command: "C:\\Program Files (x86)\\Mozilla Firefox\\firefox.exe" "-marionette" "-foreground" "-no-remote" "-profile" "C:\\Users\\hrbacm\\AppData\\Local\\Temp\\rust_mozprofileVGSGaJ"
1574323934367	addons.webextension.screenshots@mozilla.org	WARN	Loading extension 'screenshots@mozilla.org': Reading manifest: Invalid extension permission: mozillaAddons
1574323934368	addons.webextension.screenshots@mozilla.org	WARN	Loading extension 'screenshots@mozilla.org': Reading manifest: Invalid extension permission: telemetry
1574323934368	addons.webextension.screenshots@mozilla.org	WARN	Loading extension 'screenshots@mozilla.org': Reading manifest: Invalid extension permission: resource://pdf.js/
1574323934368	addons.webextension.screenshots@mozilla.org	WARN	Loading extension 'screenshots@mozilla.org': Reading manifest: Invalid extension permission: about:reader*
JavaScript error: resource:///modules/sessionstore/SessionStore.jsm, line 1325: uncaught exception: 2147746065
1574323937597	Marionette	INFO	Listening on port 57640
1574323937859	Marionette	WARN	TLS certificate errors will be ignored for this session
1574323965518	Marionette	INFO	Stopped listening on port 57640
[Child 590420, Chrome_ChildThread] WARNING: pipe error: 109: file z:/task_1571237120/build/src/ipc/chromium/src/chrome/common/ipc_channel_win.cc, line 341
[Child 59042[Parent 590596, Gecko_IOThread] WARNING: pipe error: 109: file z:/task_1571237120/build/src/ipc/chromium/src/chrome/common/ipc_channel_win.cc, line 341
[Child 590388, Chrome_ChildThread] WARNING: pipe error: 109: file z:/task_1571237120/build/src/ipc/chromium/src/chrome/common/ipc_channel_win.cc, line 341
[Child 59[GP
###!!! [Child][RunMessage] Error: Channel closing: too late to send/recv, messages will be lost

U 589460, Chrome_ChildThread
###!!! [Child][MessageChannel::SendAndWait] Error: Channel error: cannot send/recv

1574323988888	mozrunner::runner	INFO	Running command: "C:\\Program Files (x86)\\Mozilla Firefox\\firefox.exe" "-marionette" "-foreground" "-no-remote" "-profile" "C:\\Users\\hrbacm\\AppData\\Local\\Temp\\rust_mozprofileu65bAZ"
1574323989770	addons.webextension.screenshots@mozilla.org	WARN	Loading extension 'screenshots@mozilla.org': Reading manifest: Invalid extension permission: mozillaAddons
1574323989770	addons.webextension.screenshots@mozilla.org	WARN	Loading extension 'screenshots@mozilla.org': Reading manifest: Invalid extension permission: telemetry
1574323989771	addons.webextension.screenshots@mozilla.org	WARN	Loading extension 'screenshots@mozilla.org': Reading manifest: Invalid extension permission: resource://pdf.js/
1574323989771	addons.webextension.screenshots@mozilla.org	WARN	Loading extension 'screenshots@mozilla.org': Reading manifest: Invalid extension permission: about:reader*
JavaScript error: resource:///modules/sessionstore/SessionStore.jsm, line 1325: uncaught exception: 2147746065
1574323992864	Marionette	INFO	Listening on port 57709
1574323993232	Marionette	WARN	TLS certificate errors will be ignored for this session
1574324016740	Marionette	INFO	Stopped listening on port 57709
[Parent 588212, Gecko_IOThread] WARNING: pipe error: 109: file z:/task_1571237120/build/src/ipc/chromium/src/chrome/common/ipc_channel_win.cc, line 341
[[Parent 588212, Gecko_IOThread] WARNING: pipe error: 109: file z:/task_1571237120/build/src/ipc/chromium/src/chrome/common/ipc_channel_win.cc, line 341
[Child 591248, Chrome_ChildThread] WARNING: pipe error: 109: file z:/task_1571237120/build/src/ipc/chromium/src/chrome/common/ipc_channel_win.cc, line 341
[Child 591
###!!! [Child][RunMessage] Error: Channel closing: too late to send/recv, messages will be lost


###!!! [Child][MessageChannel::SendAndWait] Error: Channel error: cannot send/recv

1574325067844	mozrunner::runner	INFO	Running command: "C:\\Program Files (x86)\\Mozilla Firefox\\firefox.exe" "-marionette" "-foreground" "-no-remote" "-profile" "C:\\Users\\hrbacm\\AppData\\Local\\Temp\\rust_mozprofile3kTyFG"
1574325068706	addons.webextension.screenshots@mozilla.org	WARN	Loading extension 'screenshots@mozilla.org': Reading manifest: Invalid extension permission: mozillaAddons
1574325068706	addons.webextension.screenshots@mozilla.org	WARN	Loading extension 'screenshots@mozilla.org': Reading manifest: Invalid extension permission: telemetry
1574325068706	addons.webextension.screenshots@mozilla.org	WARN	Loading extension 'screenshots@mozilla.org': Reading manifest: Invalid extension permission: resource://pdf.js/
1574325068706	addons.webextension.screenshots@mozilla.org	WARN	Loading extension 'screenshots@mozilla.org': Reading manifest: Invalid extension permission: about:reader*
JavaScript error: resource:///modules/sessionstore/SessionStore.jsm, line 1325: uncaught exception: 2147746065
1574325071688	Marionette	INFO	Listening on port 58043
1574325071724	Marionette	WARN	TLS certificate errors will be ignored for this session
1574325096084	Marionette	INFO	Stopped listening on port 58043
[Child 589240, Chrome_ChildThread] WARNING: pipe error: 109: file z:/task_1571237120/build/src/ipc/chromium/src/chrome/common/ipc_channel_win.cc, line 341
[Child 589240[Parent 594532, Gecko_IOThread] WARNING: pipe error: 109: file z:/task_1571237120/build/src/ipc/chromium/src/chrome/common/ipc_channel_win.cc, line 341
[Child 594808, Chrome_Chi[Parent 594532, Gecko_IOThread] WARNING: pipe error: 109: file z:/task_1571237120/build/src/ipc/chromium/src/chrome/common/ipc_channel_win.cc, line 341
[Child 594880, Chrome_ChildThread] WARNING: pipe error: 109: file z:/task_1571237120/build/src/ipc/chromium/src/chrome/common/ipc_channel_win.cc, line 341
[Child 594880[GPU
###!!! [Child][RunMessage] Error: Channel closing: too late to send/recv, messages will be lost

 594936, Chrome
###!!! [Child][MessageChannel::SendAndWait] Error: Channel error: cannot send/recv

1574332278942	mozrunner::runner	INFO	Running command: "C:\\Program Files (x86)\\Mozilla Firefox\\firefox.exe" "-marionette" "-foreground" "-no-remote" "-profile" "C:\\Users\\hrbacm\\AppData\\Local\\Temp\\rust_mozprofilew5JXIB"
1574332279725	addons.webextension.screenshots@mozilla.org	WARN	Loading extension 'screenshots@mozilla.org': Reading manifest: Invalid extension permission: mozillaAddons
1574332279725	addons.webextension.screenshots@mozilla.org	WARN	Loading extension 'screenshots@mozilla.org': Reading manifest: Invalid extension permission: telemetry
1574332279725	addons.webextension.screenshots@mozilla.org	WARN	Loading extension 'screenshots@mozilla.org': Reading manifest: Invalid extension permission: resource://pdf.js/
1574332279726	addons.webextension.screenshots@mozilla.org	WARN	Loading extension 'screenshots@mozilla.org': Reading manifest: Invalid extension permission: about:reader*
JavaScript error: resource:///modules/sessionstore/SessionStore.jsm, line 1325: uncaught exception: 2147746065
1574332283148	Marionette	INFO	Listening on port 60822
1574332283282	Marionette	WARN	TLS certificate errors will be ignored for this session
1574332308587	Marionette	INFO	Stopped listening on port 60822
[Parent 617196, Gecko_IOThread] WARNING: pipe error: 109: file z:/task_1571237120/build/src/ipc/chromium/src/chrome/common/ipc_channel_win.cc, line 341
[Child 616468, Chrome_ChildThread] WARNING: pipe error: 109: file z:/task_1571237120/build/src/ipc/chromium/src/chrome/common/ipc_channel_win.cc, line 341
[Child 616468, Chrome_ChildThread] WARNING: pipe error: 109: file z:/task_1571237120/build/src/ipc/chromium/src/chrome/common/ipc_channel_win.cc, line 341
[Child 590872, Chrome_ChildThread] WARNING: pipe error: 109: file z:/task_1571237120/build/src/ipc/chromium/src/chrome/common/ipc_channel_win.cc, line 341
[Child 59087[GPU 617876,
###!!! [Child][RunMessage] Error: Channel closing: too late to send/recv, messages will be lost

 Chrome_
###!!! [Child][MessageChannel::SendAndWait] Error: Channel error: cannot send/recv

1574333043737	mozrunner::runner	INFO	Running command: "C:\\Program Files (x86)\\Mozilla Firefox\\firefox.exe" "-marionette" "-foreground" "-no-remote" "-profile" "C:\\Users\\hrbacm\\AppData\\Local\\Temp\\rust_mozprofileTDxRi1"
1574333044557	addons.webextension.screenshots@mozilla.org	WARN	Loading extension 'screenshots@mozilla.org': Reading manifest: Invalid extension permission: mozillaAddons
1574333044558	addons.webextension.screenshots@mozilla.org	WARN	Loading extension 'screenshots@mozilla.org': Reading manifest: Invalid extension permission: telemetry
1574333044558	addons.webextension.screenshots@mozilla.org	WARN	Loading extension 'screenshots@mozilla.org': Reading manifest: Invalid extension permission: resource://pdf.js/
1574333044558	addons.webextension.screenshots@mozilla.org	WARN	Loading extension 'screenshots@mozilla.org': Reading manifest: Invalid extension permission: about:reader*
JavaScript error: resource:///modules/sessionstore/SessionStore.jsm, line 1325: uncaught exception: 2147746065
1574333047935	Marionette	INFO	Listening on port 61347
1574333048089	Marionette	WARN	TLS certificate errors will be ignored for this session
1574333072036	Marionette	INFO	Stopped listening on port 61347
[Parent 607292, Gecko_IOThread] WARNING: pipe error: 109: file z:/task_1571237120/build/src/ipc/chromium/src/chrome/common/ipc_channel_win.cc, line 341
[Child 618712, Chrome_ChildThread] WARNING: pipe error: 109: file z:/task_1571237120/build/src/ipc/chromium/src/chrome/common/ipc_channel_win.cc, line 341
[Child 618712, Chrome_Chi[Parent 607292, Gecko_IOThread] WARNING: pipe error: 109: file z:/task_1571237120/build/src/ipc/chromium/src/chrome/common/ipc_channel_win.cc, line 341
[Child 581716, Chrome_ChildThread] WARNING: pipe error: 109: file z:/task_1571237120/build/src/ipc/chromium/src/chrome/common/ipc_channel_win.cc, line 341
[Child 581716, Chrome_C
###!!! [Child][RunMessage] Error: Channel closing: too late to send/recv, messages will be lost

[GPU 573392, Chro
###!!! [Child][MessageChannel::SendAndWait] Error: Channel error: cannot send/recv

1574333090189	mozrunner::runner	INFO	Running command: "C:\\Program Files (x86)\\Mozilla Firefox\\firefox.exe" "-marionette" "-foreground" "-no-remote" "-profile" "C:\\Users\\hrbacm\\AppData\\Local\\Temp\\rust_mozprofileCj5A9r"
1574333090936	addons.webextension.screenshots@mozilla.org	WARN	Loading extension 'screenshots@mozilla.org': Reading manifest: Invalid extension permission: mozillaAddons
1574333090936	addons.webextension.screenshots@mozilla.org	WARN	Loading extension 'screenshots@mozilla.org': Reading manifest: Invalid extension permission: telemetry
1574333090936	addons.webextension.screenshots@mozilla.org	WARN	Loading extension 'screenshots@mozilla.org': Reading manifest: Invalid extension permission: resource://pdf.js/
1574333090936	addons.webextension.screenshots@mozilla.org	WARN	Loading extension 'screenshots@mozilla.org': Reading manifest: Invalid extension permission: about:reader*
JavaScript error: resource:///modules/sessionstore/SessionStore.jsm, line 1325: uncaught exception: 2147746065
1574333093822	Marionette	INFO	Listening on port 61404
1574333094055	Marionette	WARN	TLS certificate errors will be ignored for this session
[Child 618580, Chrome_ChildThread] WARNING: pipe error: 109: file z:/task_1571237120/build/src/ipc/chromium/src/chrome/common/ipc_channel_win.cc, line 341
[Child 611574333097384	Marionette	INFO	Stopped listening on port 61404
IPDL protocol error: Handler returned error code!

###!!! [Parent][DispatchAsyncMessage] Error: PLayerTransaction::Msg_ReleaseLayer Processing error: message was deserialized, but the handler returned false (indicating failure)

IPDL protocol error: Handler returned error code!

###!!! [Parent][DispatchAsyncMessage] Error: PLayerTransaction::Msg_ReleaseLayer Processing error: message was deserialized, but the handler returned false (indicating failure)

IPDL protocol error: Handler returned error code!

###!!! [Parent][DispatchAsyncMessage] Error: PLayerTransaction::Msg_ReleaseLayer Processing error: message was deserialized, but the handler returned false (indicating failure)

IPDL protocol error: Handler returned error code!

###!!! [Parent][DispatchAsyncMessage] Error: PLayerTransaction::Msg_ReleaseLayer Processing error: message was deserialized, but the handler returned false (indicating failure)

IPDL protocol error: Handler returned error code!

###!!! [Parent][DispatchAsyncMessage] Error: PLayerTransaction::Msg_ReleaseLayer Processing error: message was deserialized, but the handler returned false (indicating failure)

IPDL protocol error: Handler returned error code!

###!!! [Parent][DispatchAsyncMessage] Error: PLayerTransaction::Msg_ReleaseLayer Processing error: message was deserialized, but the handler returned false (indicating failure)

IPDL protocol error: Handler returned error code!

###!!! [Parent][DispatchAsyncMessage] Error: PLayerTransaction::Msg_ReleaseLayer Processing error: message was deserialized, but the handler returned false (indicating failure)

IPDL protocol error: Handler returned error code!

###!!! [Parent][DispatchAsyncMessage] Error: PLayerTransaction::Msg_ReleaseLayer Processing error: message was deserialized, but the handler returned false (indicating failure)

IPDL protocol error: Handler returned error code!

###!!! [Parent][DispatchAsyncMessage] Error: PLayerTransaction::Msg_ReleaseLayer Processing error: message was deserialized, but the handler returned false (indicating failure)

IPDL protocol error: Handler returned error code!

###!!! [Parent][DispatchAsyncMessage] Error: PLayerTransaction::Msg_ReleaseLayer Processing error: message was deserialized, but the handler returned false (indicating failure)

[Child 599236, Chrome_ChildThread] WARNING: pipe error: 109: file z:/task_1571237120/build/src/ipc/chromium/src/chrome/common/ipc_channel_win.cc, line 341
[Child 599236, Chrome_Child[Child 619448, Chrome_ChildThread] WARNING: pipe error: 109: file z:/task_1571237120/build/src/ipc/chromium/src/chrome/common/ipc_channel_win.cc, line 341
[Child 6194
###!!! [Child][RunMessage] Error: Channel closing: too late to send/recv, messages will be lost

[GPU 618592, Chrome_ChildThr
###!!! [Child][MessageChannel::SendAndWait] Error: Channel error: cannot send/recv

1574333349544	mozrunner::runner	INFO	Running command: "C:\\Program Files (x86)\\Mozilla Firefox\\firefox.exe" "-marionette" "-foreground" "-no-remote" "-profile" "C:\\Users\\hrbacm\\AppData\\Local\\Temp\\rust_mozprofileZQ81fe"
1574333350434	addons.webextension.screenshots@mozilla.org	WARN	Loading extension 'screenshots@mozilla.org': Reading manifest: Invalid extension permission: mozillaAddons
1574333350434	addons.webextension.screenshots@mozilla.org	WARN	Loading extension 'screenshots@mozilla.org': Reading manifest: Invalid extension permission: telemetry
1574333350434	addons.webextension.screenshots@mozilla.org	WARN	Loading extension 'screenshots@mozilla.org': Reading manifest: Invalid extension permission: resource://pdf.js/
1574333350436	addons.webextension.screenshots@mozilla.org	WARN	Loading extension 'screenshots@mozilla.org': Reading manifest: Invalid extension permission: about:reader*
JavaScript error: resource:///modules/sessionstore/SessionStore.jsm, line 1325: uncaught exception: 2147746065
1574333353324	Marionette	INFO	Listening on port 61532
1574333353397	Marionette	WARN	TLS certificate errors will be ignored for this session
1574333377939	Marionette	INFO	Stopped listening on port 61532
[Child 615024, Chrome_ChildThread] WARNING: pipe error: 109: file z:/task_1571237120/build/src/ipc/chromium/src/chrome/common/ipc_channel_win.cc, line 341
[Child 619828, Chrome_ChildThread] WARNING: pipe error: 109: file z:/task_1571237120/build/src/ipc/chromium/src/chrome/common/ipc_channel_win.cc, line 341
[Child 619828, Chrome_ChildThread] WARNING: pipe error: 109: file z:/task_1571237120/build/src/ipc/chromium/src/chrome/common/ipc_channel_win.cc, line 341

###!!! [Child][RunMessage] Error: Channel closing: too late to send/recv, messages will be lost

[GPU 603492, Chrome_Chil
###!!! [Child][MessageChannel::SendAndWait] Error: Channel error: cannot send/recv

1574334141098	mozrunner::runner	INFO	Running command: "C:\\Program Files (x86)\\Mozilla Firefox\\firefox.exe" "-marionette" "-foreground" "-no-remote" "-profile" "C:\\Users\\hrbacm\\AppData\\Local\\Temp\\rust_mozprofileAOASdX"
1574334141882	addons.webextension.screenshots@mozilla.org	WARN	Loading extension 'screenshots@mozilla.org': Reading manifest: Invalid extension permission: mozillaAddons
1574334141883	addons.webextension.screenshots@mozilla.org	WARN	Loading extension 'screenshots@mozilla.org': Reading manifest: Invalid extension permission: telemetry
1574334141883	addons.webextension.screenshots@mozilla.org	WARN	Loading extension 'screenshots@mozilla.org': Reading manifest: Invalid extension permission: resource://pdf.js/
1574334141883	addons.webextension.screenshots@mozilla.org	WARN	Loading extension 'screenshots@mozilla.org': Reading manifest: Invalid extension permission: about:reader*
JavaScript error: resource:///modules/sessionstore/SessionStore.jsm, line 1325: uncaught exception: 2147746065
1574334144919	Marionette	INFO	Listening on port 61878
1574334144956	Marionette	WARN	TLS certificate errors will be ignored for this session
1574334147243	Marionette	INFO	Stopped listening on port 61878
[Child 622512, Chrome_ChildThread] WARNING: pipe error: 109: file z:/task_1571237120/build/src/ipc/chromium/src/chrome/common/ipc_channel_win.cc, line 341
[Child 622512, Chrom[Parent 620732, Gecko_IOThread] WARNING: pipe error: 109: file z:/task_1571237120/build/src/ipc/chromium/src/chrome/common/ipc_channel_win.cc, line 341
[Child 620432, Chrome_ChildThread] WARNING: pipe error: 109: file z:/task_1571237120/build/src/ipc/chromium/src/chrome/common/ipc_channel_win.cc, line 341
[Child 620432, Chrome[GPU 6203
###!!! [Child][RunMessage] Error: Channel closing: too late to send/recv, messages will be lost

16, Chr
###!!! [Child][MessageChannel::SendAndWait] Error: Channel error: cannot send/recv

1574334160740	mozrunner::runner	INFO	Running command: "C:\\Program Files (x86)\\Mozilla Firefox\\firefox.exe" "-marionette" "-foreground" "-no-remote" "-profile" "C:\\Users\\hrbacm\\AppData\\Local\\Temp\\rust_mozprofiled8DXnW"
1574334161415	addons.webextension.screenshots@mozilla.org	WARN	Loading extension 'screenshots@mozilla.org': Reading manifest: Invalid extension permission: mozillaAddons
1574334161415	addons.webextension.screenshots@mozilla.org	WARN	Loading extension 'screenshots@mozilla.org': Reading manifest: Invalid extension permission: telemetry
1574334161415	addons.webextension.screenshots@mozilla.org	WARN	Loading extension 'screenshots@mozilla.org': Reading manifest: Invalid extension permission: resource://pdf.js/
1574334161415	addons.webextension.screenshots@mozilla.org	WARN	Loading extension 'screenshots@mozilla.org': Reading manifest: Invalid extension permission: about:reader*
JavaScript error: resource:///modules/sessionstore/SessionStore.jsm, line 1325: uncaught exception: 2147746065
1574334164443	Marionette	INFO	Listening on port 61926
1574334164591	Marionette	WARN	TLS certificate errors will be ignored for this session
1574334188639	Marionette	INFO	Stopped listening on port 61926
[Parent 621800, Gecko_IOThread] WARNING: pipe error: 109: file z:/task_1571237120/build/src/ipc/chromium/src/chrome/common/ipc_channel_win.cc, line 341
[Child 622960, Chrome_ChildThread] WARNING: pipe error: 109: file z:/task_1571237120/build/src/ipc/chromium/src/chrome/common/ipc_channel_win.cc, line 341
[Child 622960, Chrome_ChildThread] WAR[Parent 621800, Gecko_IOThread] WARNING: pipe error: 109: file z:/task_1571237120/build/src/ipc/chromium/src/chrome/common/ipc_channel_win.cc, line 341
[Child 622856, Chrome_ChildThread] WARNING: pipe error: 109: file z:/task_1571237120/build/src/ipc/chromium/src/chrome/common/ipc_channel_win.cc, line 341
[Child 622856, Chrome_ChildThread] WARNING: pipe error: 109: file [Parent 621800, Gecko_IOThread] WARNING: pipe error: 109: file z:/task_1571237120/build/src/ipc/chromium/src/chrome/common/ipc_channel_win.cc, line 341
[Child 595144, Chrome_ChildThread] WARNING: pipe error: 109: file z:/task_1571237120/build/src/ipc/chromium/src/chrome/common/ipc_channel_win.cc, line 341
[Child 595144,[GPU 623492, Chrome_
###!!! [Child][MessageChannel::SendAndWait] Error: Channel error: cannot send/recv

1574352020262	mozrunner::runner	INFO	Running command: "C:\\Program Files (x86)\\Mozilla Firefox\\firefox.exe" "-marionette" "-foreground" "-no-remote" "-profile" "C:\\Users\\hrbacm\\AppData\\Local\\Temp\\rust_mozprofileGwj5U6"
1574352021897	addons.webextension.screenshots@mozilla.org	WARN	Loading extension 'screenshots@mozilla.org': Reading manifest: Invalid extension permission: mozillaAddons
1574352021898	addons.webextension.screenshots@mozilla.org	WARN	Loading extension 'screenshots@mozilla.org': Reading manifest: Invalid extension permission: telemetry
1574352021898	addons.webextension.screenshots@mozilla.org	WARN	Loading extension 'screenshots@mozilla.org': Reading manifest: Invalid extension permission: resource://pdf.js/
1574352021898	addons.webextension.screenshots@mozilla.org	WARN	Loading extension 'screenshots@mozilla.org': Reading manifest: Invalid extension permission: about:reader*
JavaScript error: resource:///modules/sessionstore/SessionStore.jsm, line 1325: uncaught exception: 2147746065
1574352025575	Marionette	INFO	Listening on port 65149
1574352025781	Marionette	WARN	TLS certificate errors will be ignored for this session
1574352058835	Marionette	INFO	Stopped listening on port 65149
[[Parent 659996, Gecko_IOThread] WARNING: pipe error: 109: file z:/task_1571237120/build/src/ipc/chromium/src/chrome/common/ipc_channel_win.cc, line 341
[Child 353564, Chrome_ChildThread] WARNING: pipe error: 109: file z:/task_1571237120/build/src/ipc/chromium/src/chrome/common/ipc_channel_win.cc, line 341
[Child 353564, C[Child 658284, Chrome_ChildThread] WARNING: pipe error: 109: file z:/task_1571237120/build/src/ipc/chromium/src/chrome/common/ipc_channel_win.cc, line 341
[Child 658284, Chrom
###!!! [Child][RunMessage] Error: Channel closing: too late to send/recv, messages will be lost

[GPU 658396, Chrome_ChildThread] WARNING: pipe error: 1
###!!! [Child][MessageChannel::SendAndWait] Error: Channel error: cannot send/recv

1574352551130	mozrunner::runner	INFO	Running command: "C:\\Program Files (x86)\\Mozilla Firefox\\firefox.exe" "-marionette" "-foreground" "-no-remote" "-profile" "C:\\Users\\hrbacm\\AppData\\Local\\Temp\\rust_mozprofilev0jkD6"
1574352552182	addons.webextension.screenshots@mozilla.org	WARN	Loading extension 'screenshots@mozilla.org': Reading manifest: Invalid extension permission: mozillaAddons
1574352552182	addons.webextension.screenshots@mozilla.org	WARN	Loading extension 'screenshots@mozilla.org': Reading manifest: Invalid extension permission: telemetry
1574352552183	addons.webextension.screenshots@mozilla.org	WARN	Loading extension 'screenshots@mozilla.org': Reading manifest: Invalid extension permission: resource://pdf.js/
1574352552183	addons.webextension.screenshots@mozilla.org	WARN	Loading extension 'screenshots@mozilla.org': Reading manifest: Invalid extension permission: about:reader*
JavaScript error: resource:///modules/sessionstore/SessionStore.jsm, line 1325: uncaught exception: 2147746065
1574352555659	Marionette	INFO	Listening on port 65416
1574352556100	Marionette	WARN	TLS certificate errors will be ignored for this session
1574352586827	Marionette	INFO	Stopped listening on port 65416
[Parent 650216, Gecko_IOThread] WARNING: pipe error: 109: file z:/task_1571237120/build/src/ipc/chromium/src/chrome/common/ipc_channel_win.cc, line 341
[Child 464616, Chrome_ChildThread] WARNING: pipe error: 109: file z:/task_1571237120/build/src/ipc/chromium/src/chrome/common/ipc_channel_win.cc, line 341
[Child 464616, Chrom[Child 660736, Chrome_ChildThread] WARNING: pipe error: 109: file z:/task_1571237120/build/src/ipc/chromium/src/chrome/common/ipc_channel_win.cc, line 341
[Child 660736,[GPU 652748, Chrome_ChildThread] WARNING: pipe error: 109: file 
###!!! [Child][RunMessage] Error: Channel closing: too late to send/recv, messages will be lost


###!!! [Child][MessageChannel::SendAndWait] Error: Channel error: cannot send/recv

1574353255470	mozrunner::runner	INFO	Running command: "C:\\Program Files (x86)\\Mozilla Firefox\\firefox.exe" "-marionette" "-foreground" "-no-remote" "-profile" "C:\\Users\\hrbacm\\AppData\\Local\\Temp\\rust_mozprofilexhIW86"
1574353256439	addons.webextension.screenshots@mozilla.org	WARN	Loading extension 'screenshots@mozilla.org': Reading manifest: Invalid extension permission: mozillaAddons
1574353256440	addons.webextension.screenshots@mozilla.org	WARN	Loading extension 'screenshots@mozilla.org': Reading manifest: Invalid extension permission: telemetry
1574353256440	addons.webextension.screenshots@mozilla.org	WARN	Loading extension 'screenshots@mozilla.org': Reading manifest: Invalid extension permission: resource://pdf.js/
1574353256440	addons.webextension.screenshots@mozilla.org	WARN	Loading extension 'screenshots@mozilla.org': Reading manifest: Invalid extension permission: about:reader*
JavaScript error: resource:///modules/sessionstore/SessionStore.jsm, line 1325: uncaught exception: 2147746065
1574353259715	Marionette	INFO	Listening on port 49522
1574353259821	Marionette	WARN	TLS certificate errors will be ignored for this session
1574353292841	Marionette	INFO	Stopped listening on port 49522
[Parent 660376, Gecko_IOThread] WARNING: pipe error: 109: file z:/task_1571237120/build/src/ipc/chromium/src/chrome/common/ipc_channel_win.cc, line 341
[Child 659500, Chrome_ChildThread] WARNING: pipe error: 109: file z:/task_1571237120/build/src/ipc/chromium/src/chrome/common/ipc_channel_win.cc, line 341
[Child 659500, Chrome_ChildThread] WAR[Parent 660376, Gecko_IOThread] WARNING: pipe error: 109: file z:/task_1571237120/build/src/ipc/chromium/src/chrome/common/ipc_channel_win.cc, line 341
[Child 659088, Chrome_ChildThread] WARNING: pipe error: 109: file z:/task_1571237120/build/src/ipc/chromium/src/chrome/common/ipc_channel_win.cc, line 341
[Child 65
###!!! [Child][RunMessage] Error: Channel closing: too late to send/recv, messages will be lost

[GPU 311468, Chrome_ChildT
###!!! [Child][MessageChannel::SendAndWait] Error: Channel error: cannot send/recv

1574353382530	mozrunner::runner	INFO	Running command: "C:\\Program Files (x86)\\Mozilla Firefox\\firefox.exe" "-marionette" "-foreground" "-no-remote" "-profile" "C:\\Users\\hrbacm\\AppData\\Local\\Temp\\rust_mozprofileh458E3"
1574353383552	addons.webextension.screenshots@mozilla.org	WARN	Loading extension 'screenshots@mozilla.org': Reading manifest: Invalid extension permission: mozillaAddons
1574353383552	addons.webextension.screenshots@mozilla.org	WARN	Loading extension 'screenshots@mozilla.org': Reading manifest: Invalid extension permission: telemetry
1574353383553	addons.webextension.screenshots@mozilla.org	WARN	Loading extension 'screenshots@mozilla.org': Reading manifest: Invalid extension permission: resource://pdf.js/
1574353383553	addons.webextension.screenshots@mozilla.org	WARN	Loading extension 'screenshots@mozilla.org': Reading manifest: Invalid extension permission: about:reader*
JavaScript error: resource:///modules/sessionstore/SessionStore.jsm, line 1325: uncaught exception: 2147746065
1574353386234	Marionette	INFO	Listening on port 49659
1574353386373	Marionette	WARN	TLS certificate errors will be ignored for this session
1574353417481	Marionette	INFO	Stopped listening on port 49659
[Child 665000, Chrome_ChildThread] WARNING: pipe error: 109: file z:/task_1571237120/build/src/ipc/chromium/src/ch[Parent 664820, Gecko_IOThread] WARNING: pipe error: 109: file z:/task_1571237120/build/src/ipc/chromium/src/chrome/common/ipc_channel_win.cc, line 341
[Child 663952, Chrome_ChildThread] WARNING: pipe error: 109: file z:/task_1571237120/build/src/ipc/chromium/src/chrome/common/ipc_channel_win.cc, line 341
[Child 663952, Chro[Parent 664820, Gecko_IOThread] WARNING: pipe error: 109: file z:/task_1571237120/build/src/ipc/chromium/src/chrome/common/ipc_channel_win.cc, line 341
[Child 546348, Chrome_ChildThread] WARNING: pipe error: 109: file z:/task_1571237120/build/src/ipc/chromium/src/chrome/common/ipc_channel_win.cc, line 341
[Child 546348
###!!! [Child][RunMessage] Error: Channel closing: too late to send/recv, messages will be lost

[GPU 666328, Chrome_ChildThread] WARNING: p
###!!! [Child][MessageChannel::SendAndWait] Error: Channel error: cannot send/recv

